<?xml version="1.0" encoding="UTF-8"?>
<!-- Generated by org.testng.reporters.JUnitReportReporter -->
<testsuite hostname="Maxima" failures="0" tests="1" name="testNG_TestCasses.SearchAProductTest" time="12.763" errors="0" timestamp="2023-02-28T09:16:41 IST" skipped="0">
  <testcase classname="testNG_TestCasses.SearchAProductTest" name="test1_SearchAProductTest" time="12.763"/>
  <system-out/>
</testsuite> <!-- testNG_TestCasses.SearchAProductTest -->
