<?xml version="1.0" encoding="UTF-8"?>
<!-- Generated by org.testng.reporters.JUnitReportReporter -->
<testsuite hostname="Maxima" failures="0" tests="2" name="NormalTestClasses.LoginTest" time="19.600" errors="0" timestamp="2023-02-13T10:42:11 IST" skipped="0">
  <testcase classname="NormalTestClasses.LoginTest" name="test2_VerifyLoginByPassingValidMobileAndPassword" time="9.345"/>
  <system-out/>
  <testcase classname="NormalTestClasses.LoginTest" name="test1_VerifyLoginByPassingValidEmailAndPassword" time="10.255"/>
  <system-out/>
</testsuite> <!-- NormalTestClasses.LoginTest -->
