<?xml version="1.0" encoding="UTF-8"?>
<!-- Generated by org.testng.reporters.JUnitReportReporter -->
<testsuite hostname="Maxima" failures="0" tests="2" name="testNG_TestCasses.LoginTestWithValidData" time="18.845" errors="0" timestamp="2023-02-28T09:16:41 IST" skipped="0">
  <testcase classname="testNG_TestCasses.LoginTestWithValidData" name="test1_VerifyLoginByPassingValidEmailAndPassword" time="11.207"/>
  <system-out/>
  <testcase classname="testNG_TestCasses.LoginTestWithValidData" name="test2_VerifyLoginByPassingValidMobileAndPassword" time="7.638"/>
  <system-out/>
</testsuite> <!-- testNG_TestCasses.LoginTestWithValidData -->
