<?xml version="1.0" encoding="UTF-8"?>
<!-- Generated by org.testng.reporters.JUnitReportReporter -->
<testsuite hostname="Maxima" failures="0" tests="2" name="testNG_TestCasses.LoginTestWithInvalidData" time="13.462" errors="0" timestamp="2023-02-28T09:16:41 IST" skipped="0">
  <testcase classname="testNG_TestCasses.LoginTestWithInvalidData" name="test1_VerifyLoginByPassingInValidEmailAndPassword" time="7.396"/>
  <system-out/>
  <testcase classname="testNG_TestCasses.LoginTestWithInvalidData" name="test2_VerifyLoginByPassingInValidMobileAndPassword" time="6.066"/>
  <system-out/>
</testsuite> <!-- testNG_TestCasses.LoginTestWithInvalidData -->
